
=== Wed Jan 26 12:36:58 2022

Packages were changed.
Update Mode: updateDependencies

The following packages were updated:
  com.unity.collab-proxy from version 1.3.9 to 1.15.7
  com.unity.ide.rider from version 1.2.1 to 2.0.7
  com.unity.ide.visualstudio from version 2.0.2 to 2.0.12
  com.unity.ide.vscode from version 1.2.1 to 1.2.4
  com.unity.test-framework from version 1.1.16 to 1.1.29
  com.unity.textmeshpro from version 3.0.1 to 3.0.6
  com.unity.timeline from version 1.3.5 to 1.4.8

=== Thu Feb 10 15:39:40 2022

Packages were changed.
Update Mode: updateDependencies

The following packages were updated:
  com.unity.ide.visualstudio from version 2.0.12 to 2.0.14

=== Fri Feb 18 11:22:12 2022

Packages were changed.
Update Mode: updateDependencies

The following packages were updated:
  com.unity.collab-proxy from version 1.15.7 to 1.15.12

=== Mon Mar 21 14:15:24 2022

Packages were changed.
Update Mode: updateDependencies

The following packages were updated:
  com.unity.collab-proxy from version 1.15.12 to 1.15.13
  com.unity.ide.vscode from version 1.2.4 to 1.2.5
  com.unity.test-framework from version 1.1.29 to 1.1.31

=== Mon Apr 11 11:09:55 2022

Packages were changed.
Update Mode: updateDependencies

The following packages were updated:
  com.unity.collab-proxy from version 1.15.13 to 1.15.15

=== Tue May 24 16:18:26 2022

Packages were changed.
Update Mode: updateDependencies

The following packages were updated:
  com.unity.cinemachine from version 2.6.11 to 2.8.4
  com.unity.collab-proxy from version 1.15.15 to 1.15.16
  com.unity.ide.rider from version 2.0.7 to 3.0.14
  com.unity.ide.visualstudio from version 2.0.14 to 2.0.15
  com.unity.timeline from version 1.4.8 to 1.6.4
The following packages were removed:
  com.unity.quicksearch@2.0.2

=== Tue Jun  7 11:49:10 2022

Packages were changed.
Update Mode: updateDependencies

The following packages were updated:
  com.unity.collab-proxy from version 1.15.16 to 1.15.17

=== Fri Jun 17 12:05:13 2022

Packages were changed.
Update Mode: mergeDefaultDependencies

The following packages were added:
  com.unity.postprocessing@2.3.0
  com.unity.render-pipelines.high-definition@8.2.0

=== Fri Jun 17 12:32:43 2022

Packages were changed.
Update Mode: resetToDefaultDependencies

The following packages were added:
  com.unity.visualscripting@1.7.8
The following packages were removed:
  com.unity.cinemachine@2.8.4
  com.unity.postprocessing@2.3.0
  com.unity.render-pipelines.high-definition@8.2.0
  com.unity.toolchain.win-x86_64-linux-x86_64@1.0.0

=== Mon Jun 20 15:48:00 2022

Packages were changed.
Update Mode: mergeDefaultDependencies

The following packages were added:
  com.unity.postprocessing@2.3.0

=== Mon Jun 20 17:11:06 2022

Packages were changed.
Update Mode: mergeDefaultDependencies

The following packages were added:
  com.unity.inputsystem@1.0.2

=== Fri Jul  1 18:19:30 2022

Packages were changed.
Update Mode: updateDependencies

The following packages were updated:
  com.unity.collab-proxy from version 1.15.17 to 1.15.18
  com.unity.inputsystem from version 1.0.2 to 1.3.0
